Copyright 1986-2016 Xilinx, Inc. All Rights Reserved.
------------------------------------------------------------------------------------
| Tool Version : Vivado v.2016.4 (win64) Build 1756540 Mon Jan 23 19:11:23 MST 2017
| Date         : Tue Nov 24 12:05:40 2020
| Host         : DESKTOP-JA03JIB running 64-bit major release  (build 9200)
| Command      : upgrade_ip
| Device       : xc7z010clg400-1
------------------------------------------------------------------------------------

Upgrade Log for IP 'design_1_dvi2rgb_0_0'

1. Summary
----------

SUCCESS in the update of design_1_dvi2rgb_0_0 (digilentinc.com:ip:dvi2rgb:2.0 (Rev. 5)) to current project options.






Copyright 1986-2016 Xilinx, Inc. All Rights Reserved.
------------------------------------------------------------------------------------
| Tool Version : Vivado v.2016.4 (win64) Build 1756540 Mon Jan 23 19:11:23 MST 2017
| Date         : Tue Nov 17 17:16:46 2020
| Host         : DESKTOP-JA03JIB running 64-bit major release  (build 9200)
| Command      : upgrade_ip
| Device       : xc7z010clg400-1
------------------------------------------------------------------------------------

Upgrade Log for IP 'design_1_main_0_0'

1. Summary
----------

SUCCESS in the update of design_1_main_0_0 (xilinx.com:module_ref:main:1.0 (Rev. 1)) to current project options.






Copyright 1986-2016 Xilinx, Inc. All Rights Reserved.
------------------------------------------------------------------------------------
| Tool Version : Vivado v.2016.4 (win64) Build 1756540 Mon Jan 23 19:11:23 MST 2017
| Date         : Tue Nov 17 17:16:46 2020
| Host         : DESKTOP-JA03JIB running 64-bit major release  (build 9200)
| Command      : upgrade_ip
| Device       : xc7z010clg400-1
------------------------------------------------------------------------------------

Upgrade Log for IP 'design_1_dvi2rgb_0_0'

1. Summary
----------

SUCCESS in the update of design_1_dvi2rgb_0_0 (digilentinc.com:ip:dvi2rgb:2.0 (Rev. 5)) to current project options.

