Unable to capture context for thread 19300 in process 7568, can not generate back trace
Unable to capture context for thread 3900 in process 7568, can not generate back trace
Unable to capture context for thread 19632 in process 7568, can not generate back trace
Unable to capture context for thread 6732 in process 7568, can not generate back trace
Unable to capture context for thread 16240 in process 7568, can not generate back trace
Exception at PC 0x00007FFB2F2B3B29
Unable to capture context for thread 19300 in process 7568, can not generate back trace
Unable to capture context for thread 19632 in process 7568, can not generate back trace
Exception at PC 0x00007FFAB088BB93
Printing stacktrace...

Exception at PC 0x00007FFB2F2B3B29
Exception at PC 0x00007FFB2F2B3B29
Exception at PC 0x00007FFB2F2B3B29
Exception at PC 0x00007FFB2F2B3B29
Exception at PC 0x00007FFB2F2B3B29
Exception at PC 0x00007FFB2F2B3B29
Exception at PC 0x00007FFB2F2B3B29
Exception at PC 0x00007FFB2F2B3B29
Exception at PC 0x00007FFB2F2B3B29
[0]  [0x00007FFAB088BB93]
[1]  [0x00007FFAB088BB93]
[2]  [0x00007FFAB088B4A1]
[3]  [0x00007FFAB088B3EF]
[4]  [0x00007FFAB08719FE]
[5]  [0x00007FFAB0870ED1]
[6]  [0x00007FFAB0870D76]
[7]  [0x00007FFAB08179F6]
[8]  [0x00007FFAB0807AFB]
[9]  [0x00007FFAB092E90A]
[10]  [0x00007FFAB0949F87]
[11]  [0x00007FFAB094A05F]
[12] (BaseThreadInitThunk+0x14) [0x00007FFB31427C24]
[13] (RtlUserThreadStart+0x21) [0x00007FFB31FCD4D1]
Done
Exception at PC 0x00007FFB2F2B3B29
Exception at PC 0x00007FFB2F2B3B29
Exception at PC 0x00007FFB2F2B3B29
Exception at PC 0x00007FFB2F2B3B29
Exception at PC 0x00007FFB2F2B3B29
Exception at PC 0x00007FFB2F2B3B29
Exception at PC 0x00007FFB2F2B3B29
Exception at PC 0x00007FFB2F2B3B29
